[2025-04-18T00:00:10.711+0000] {processor.py:186} INFO - Started process (PID=53933) to work on /opt/airflow/dags/Third_DAG.py
[2025-04-18T00:00:10.713+0000] {processor.py:914} INFO - Processing file /opt/airflow/dags/Third_DAG.py for tasks to queue
[2025-04-18T00:00:10.716+0000] {logging_mixin.py:190} INFO - [2025-04-18T00:00:10.715+0000] {dagbag.py:588} INFO - Filling up the DagBag from /opt/airflow/dags/Third_DAG.py
[2025-04-18T00:00:10.761+0000] {processor.py:925} INFO - DAG(s) 'Dag_task' retrieved from /opt/airflow/dags/Third_DAG.py
[2025-04-18T00:00:10.885+0000] {logging_mixin.py:190} INFO - [2025-04-18T00:00:10.827+0000] {dagbag.py:698} ERROR - Failed to write serialized DAG: /opt/airflow/dags/Third_DAG.py
Traceback (most recent call last):
  File "/home/airflow/.local/lib/python3.12/site-packages/airflow/serialization/serialized_objects.py", line 1663, in serialize_dag
    for dep in SerializedBaseOperator.detect_dependencies(task)
               ^^^^^^^^^^^^^^^^^^^^^^^^^^^^^^^^^^^^^^^^^^^^^^^^
  File "/home/airflow/.local/lib/python3.12/site-packages/airflow/serialization/serialized_objects.py", line 1465, in detect_dependencies
    deps = set(dependency_detector.detect_task_dependencies(op))
               ^^^^^^^^^^^^^^^^^^^^^^^^^^^^^^^^^^^^^^^^^^^^^^^^
  File "/home/airflow/.local/lib/python3.12/site-packages/airflow/serialization/serialized_objects.py", line 1026, in detect_task_dependencies
    from airflow.operators.trigger_dagrun import TriggerDagRunOperator
  File "/home/airflow/.local/lib/python3.12/site-packages/airflow/operators/trigger_dagrun.py", line 45, in <module>
    from airflow.triggers.external_task import DagStateTrigger
  File "/home/airflow/.local/lib/python3.12/site-packages/airflow/triggers/external_task.py", line 23, in <module>
    from asgiref.sync import sync_to_async
ModuleNotFoundError: No module named 'asgiref.sync'

During handling of the above exception, another exception occurred:

Traceback (most recent call last):
  File "/home/airflow/.local/lib/python3.12/site-packages/airflow/models/dagbag.py", line 686, in _serialize_dag_capturing_errors
    dag_was_updated = SerializedDagModel.write_dag(
                      ^^^^^^^^^^^^^^^^^^^^^^^^^^^^^
  File "/home/airflow/.local/lib/python3.12/site-packages/airflow/utils/session.py", line 94, in wrapper
    return func(*args, **kwargs)
           ^^^^^^^^^^^^^^^^^^^^^
  File "/home/airflow/.local/lib/python3.12/site-packages/airflow/models/serialized_dag.py", line 169, in write_dag
    new_serialized_dag = cls(dag, processor_subdir)
                         ^^^^^^^^^^^^^^^^^^^^^^^^^^
  File "<string>", line 4, in __init__
  File "/home/airflow/.local/lib/python3.12/site-packages/sqlalchemy/orm/state.py", line 481, in _initialize_instance
    with util.safe_reraise():
         ^^^^^^^^^^^^^^^^^^^
  File "/home/airflow/.local/lib/python3.12/site-packages/sqlalchemy/util/langhelpers.py", line 70, in __exit__
    compat.raise_(
  File "/home/airflow/.local/lib/python3.12/site-packages/sqlalchemy/util/compat.py", line 211, in raise_
    raise exception
  File "/home/airflow/.local/lib/python3.12/site-packages/sqlalchemy/orm/state.py", line 479, in _initialize_instance
    return manager.original_init(*mixed[1:], **kwargs)
           ^^^^^^^^^^^^^^^^^^^^^^^^^^^^^^^^^^^^^^^^^^^
  File "/home/airflow/.local/lib/python3.12/site-packages/airflow/models/serialized_dag.py", line 116, in __init__
    dag_data = SerializedDAG.to_dict(dag)
               ^^^^^^^^^^^^^^^^^^^^^^^^^^
  File "/home/airflow/.local/lib/python3.12/site-packages/airflow/serialization/serialized_objects.py", line 1773, in to_dict
    json_dict = {"__version": cls.SERIALIZER_VERSION, "dag": cls.serialize_dag(var)}
                                                             ^^^^^^^^^^^^^^^^^^^^^^
  File "/home/airflow/.local/lib/python3.12/site-packages/airflow/serialization/serialized_objects.py", line 1682, in serialize_dag
    raise SerializationError(f"Failed to serialize DAG {dag.dag_id!r}: {e}")
airflow.exceptions.SerializationError: Failed to serialize DAG 'Dag_task': No module named 'asgiref.sync'
[2025-04-18T00:00:10.893+0000] {logging_mixin.py:190} INFO - [2025-04-18T00:00:10.891+0000] {dag.py:3239} INFO - Sync 1 DAGs
[2025-04-18T00:00:10.949+0000] {logging_mixin.py:190} INFO - [2025-04-18T00:00:10.948+0000] {dag.py:4180} INFO - Setting next_dagrun for Dag_task to 2024-04-10 00:00:00+00:00, run_after=2024-04-11 00:00:00+00:00
[2025-04-18T00:00:11.048+0000] {processor.py:208} INFO - Processing /opt/airflow/dags/Third_DAG.py took 0.352 seconds
