[2025-04-21T10:27:06.246+0000] {local_task_job_runner.py:123} INFO - ::group::Pre task execution logs
[2025-04-21T10:27:06.273+0000] {taskinstance.py:2614} INFO - Dependencies all met for dep_context=non-requeueable deps ti=<TaskInstance: detect_and_extract_dag.run_extraction_script scheduled__2025-04-21T07:00:00+00:00 [queued]>
[2025-04-21T10:27:06.284+0000] {taskinstance.py:2614} INFO - Dependencies all met for dep_context=requeueable deps ti=<TaskInstance: detect_and_extract_dag.run_extraction_script scheduled__2025-04-21T07:00:00+00:00 [queued]>
[2025-04-21T10:27:06.285+0000] {taskinstance.py:2867} INFO - Starting attempt 13 of 13
[2025-04-21T10:27:06.304+0000] {taskinstance.py:2890} INFO - Executing <Task(PythonOperator): run_extraction_script> on 2025-04-21 07:00:00+00:00
[2025-04-21T10:27:06.308+0000] {standard_task_runner.py:72} INFO - Started process 943 to run task
[2025-04-21T10:27:06.311+0000] {standard_task_runner.py:104} INFO - Running: ['***', 'tasks', 'run', 'detect_and_extract_dag', 'run_extraction_script', 'scheduled__2025-04-21T07:00:00+00:00', '--job-id', '649', '--raw', '--subdir', 'DAGS_FOLDER/detect_and_extract_dag.py', '--cfg-path', '/tmp/tmpsrg0eige']
[2025-04-21T10:27:06.313+0000] {standard_task_runner.py:105} INFO - Job 649: Subtask run_extraction_script
[2025-04-21T10:27:06.369+0000] {task_command.py:467} INFO - Running <TaskInstance: detect_and_extract_dag.run_extraction_script scheduled__2025-04-21T07:00:00+00:00 [running]> on host a18b355479eb
[2025-04-21T10:27:06.463+0000] {taskinstance.py:3134} INFO - Exporting env vars: AIRFLOW_CTX_DAG_OWNER='***' AIRFLOW_CTX_DAG_ID='detect_and_extract_dag' AIRFLOW_CTX_TASK_ID='run_extraction_script' AIRFLOW_CTX_EXECUTION_DATE='2025-04-21T07:00:00+00:00' AIRFLOW_CTX_TRY_NUMBER='13' AIRFLOW_CTX_DAG_RUN_ID='scheduled__2025-04-21T07:00:00+00:00'
[2025-04-21T10:27:06.464+0000] {taskinstance.py:732} INFO - ::endgroup::
[2025-04-21T10:27:06.525+0000] {logging_mixin.py:190} INFO - Résultat du script d’extraction :
[2025-04-21T10:27:06.525+0000] {taskinstance.py:3313} ERROR - Task failed with exception
Traceback (most recent call last):
  File "/home/airflow/.local/lib/python3.12/site-packages/airflow/models/taskinstance.py", line 768, in _execute_task
    result = _execute_callable(context=context, **execute_callable_kwargs)
             ^^^^^^^^^^^^^^^^^^^^^^^^^^^^^^^^^^^^^^^^^^^^^^^^^^^^^^^^^^^^^
  File "/home/airflow/.local/lib/python3.12/site-packages/airflow/models/taskinstance.py", line 734, in _execute_callable
    return ExecutionCallableRunner(
           ^^^^^^^^^^^^^^^^^^^^^^^^
  File "/home/airflow/.local/lib/python3.12/site-packages/airflow/utils/operator_helpers.py", line 252, in run
    return self.func(*args, **kwargs)
           ^^^^^^^^^^^^^^^^^^^^^^^^^^
  File "/home/airflow/.local/lib/python3.12/site-packages/airflow/models/baseoperator.py", line 424, in wrapper
    return func(self, *args, **kwargs)
           ^^^^^^^^^^^^^^^^^^^^^^^^^^^
  File "/home/airflow/.local/lib/python3.12/site-packages/airflow/operators/python.py", line 238, in execute
    return_value = self.execute_callable()
                   ^^^^^^^^^^^^^^^^^^^^^^^
  File "/home/airflow/.local/lib/python3.12/site-packages/airflow/operators/python.py", line 256, in execute_callable
    return runner.run(*self.op_args, **self.op_kwargs)
           ^^^^^^^^^^^^^^^^^^^^^^^^^^^^^^^^^^^^^^^^^^^
  File "/home/airflow/.local/lib/python3.12/site-packages/airflow/utils/operator_helpers.py", line 252, in run
    return self.func(*args, **kwargs)
           ^^^^^^^^^^^^^^^^^^^^^^^^^^
  File "/opt/airflow/dags/detect_and_extract_dag.py", line 48, in run_extraction_script
    raise Exception(f"Erreur d'exécution : {result.stderr}")
Exception: Erreur d'exécution : python3: can't open file '/opt/***/Scripts/insert_excel_to_postgres2.py': [Errno 2] No such file or directory

[2025-04-21T10:27:06.539+0000] {taskinstance.py:1226} INFO - Marking task as FAILED. dag_id=detect_and_extract_dag, task_id=run_extraction_script, run_id=scheduled__2025-04-21T07:00:00+00:00, execution_date=20250421T070000, start_date=20250421T102706, end_date=20250421T102706
[2025-04-21T10:27:06.576+0000] {taskinstance.py:341} INFO - ::group::Post task execution logs
[2025-04-21T10:27:06.577+0000] {standard_task_runner.py:124} ERROR - Failed to execute job 649 for task run_extraction_script (Erreur d'exécution : python3: can't open file '/opt/***/Scripts/insert_excel_to_postgres2.py': [Errno 2] No such file or directory
; 943)
Traceback (most recent call last):
  File "/home/airflow/.local/lib/python3.12/site-packages/airflow/task/task_runner/standard_task_runner.py", line 117, in _start_by_fork
    ret = args.func(args, dag=self.dag)
          ^^^^^^^^^^^^^^^^^^^^^^^^^^^^^
  File "/home/airflow/.local/lib/python3.12/site-packages/airflow/cli/cli_config.py", line 49, in command
    return func(*args, **kwargs)
           ^^^^^^^^^^^^^^^^^^^^^
  File "/home/airflow/.local/lib/python3.12/site-packages/airflow/utils/cli.py", line 116, in wrapper
    return f(*args, **kwargs)
           ^^^^^^^^^^^^^^^^^^
  File "/home/airflow/.local/lib/python3.12/site-packages/airflow/cli/commands/task_command.py", line 483, in task_run
    task_return_code = _run_task_by_selected_method(args, _dag, ti)
                       ^^^^^^^^^^^^^^^^^^^^^^^^^^^^^^^^^^^^^^^^^^^^
  File "/home/airflow/.local/lib/python3.12/site-packages/airflow/cli/commands/task_command.py", line 256, in _run_task_by_selected_method
    return _run_raw_task(args, ti)
           ^^^^^^^^^^^^^^^^^^^^^^^
  File "/home/airflow/.local/lib/python3.12/site-packages/airflow/cli/commands/task_command.py", line 341, in _run_raw_task
    return ti._run_raw_task(
           ^^^^^^^^^^^^^^^^^
  File "/home/airflow/.local/lib/python3.12/site-packages/airflow/utils/session.py", line 97, in wrapper
    return func(*args, session=session, **kwargs)
           ^^^^^^^^^^^^^^^^^^^^^^^^^^^^^^^^^^^^^^
  File "/home/airflow/.local/lib/python3.12/site-packages/airflow/models/taskinstance.py", line 3006, in _run_raw_task
    return _run_raw_task(
           ^^^^^^^^^^^^^^
  File "/home/airflow/.local/lib/python3.12/site-packages/airflow/models/taskinstance.py", line 274, in _run_raw_task
    TaskInstance._execute_task_with_callbacks(
  File "/home/airflow/.local/lib/python3.12/site-packages/airflow/models/taskinstance.py", line 3161, in _execute_task_with_callbacks
    result = self._execute_task(context, task_orig)
             ^^^^^^^^^^^^^^^^^^^^^^^^^^^^^^^^^^^^^^
  File "/home/airflow/.local/lib/python3.12/site-packages/airflow/models/taskinstance.py", line 3185, in _execute_task
    return _execute_task(self, context, task_orig)
           ^^^^^^^^^^^^^^^^^^^^^^^^^^^^^^^^^^^^^^^
  File "/home/airflow/.local/lib/python3.12/site-packages/airflow/models/taskinstance.py", line 768, in _execute_task
    result = _execute_callable(context=context, **execute_callable_kwargs)
             ^^^^^^^^^^^^^^^^^^^^^^^^^^^^^^^^^^^^^^^^^^^^^^^^^^^^^^^^^^^^^
  File "/home/airflow/.local/lib/python3.12/site-packages/airflow/models/taskinstance.py", line 734, in _execute_callable
    return ExecutionCallableRunner(
           ^^^^^^^^^^^^^^^^^^^^^^^^
  File "/home/airflow/.local/lib/python3.12/site-packages/airflow/utils/operator_helpers.py", line 252, in run
    return self.func(*args, **kwargs)
           ^^^^^^^^^^^^^^^^^^^^^^^^^^
  File "/home/airflow/.local/lib/python3.12/site-packages/airflow/models/baseoperator.py", line 424, in wrapper
    return func(self, *args, **kwargs)
           ^^^^^^^^^^^^^^^^^^^^^^^^^^^
  File "/home/airflow/.local/lib/python3.12/site-packages/airflow/operators/python.py", line 238, in execute
    return_value = self.execute_callable()
                   ^^^^^^^^^^^^^^^^^^^^^^^
  File "/home/airflow/.local/lib/python3.12/site-packages/airflow/operators/python.py", line 256, in execute_callable
    return runner.run(*self.op_args, **self.op_kwargs)
           ^^^^^^^^^^^^^^^^^^^^^^^^^^^^^^^^^^^^^^^^^^^
  File "/home/airflow/.local/lib/python3.12/site-packages/airflow/utils/operator_helpers.py", line 252, in run
    return self.func(*args, **kwargs)
           ^^^^^^^^^^^^^^^^^^^^^^^^^^
  File "/opt/airflow/dags/detect_and_extract_dag.py", line 48, in run_extraction_script
    raise Exception(f"Erreur d'exécution : {result.stderr}")
Exception: Erreur d'exécution : python3: can't open file '/opt/***/Scripts/insert_excel_to_postgres2.py': [Errno 2] No such file or directory

[2025-04-21T10:27:06.609+0000] {local_task_job_runner.py:266} INFO - Task exited with return code 1
[2025-04-21T10:27:06.626+0000] {taskinstance.py:3901} INFO - 0 downstream tasks scheduled from follow-on schedule check
[2025-04-21T10:27:06.628+0000] {local_task_job_runner.py:245} INFO - ::endgroup::
