[2025-05-07T10:41:23.590+0000] {local_task_job_runner.py:123} INFO - ::group::Pre task execution logs
[2025-05-07T10:41:23.744+0000] {taskinstance.py:2614} INFO - Dependencies all met for dep_context=non-requeueable deps ti=<TaskInstance: Et_dag.dbt_run scheduled__2025-03-01T00:00:00+00:00 [queued]>
[2025-05-07T10:41:23.820+0000] {taskinstance.py:2614} INFO - Dependencies all met for dep_context=requeueable deps ti=<TaskInstance: Et_dag.dbt_run scheduled__2025-03-01T00:00:00+00:00 [queued]>
[2025-05-07T10:41:23.821+0000] {taskinstance.py:2867} INFO - Starting attempt 1 of 2
[2025-05-07T10:41:24.114+0000] {taskinstance.py:2890} INFO - Executing <Task(BashOperator): dbt_run> on 2025-03-01 00:00:00+00:00
[2025-05-07T10:41:24.141+0000] {standard_task_runner.py:72} INFO - Started process 22116 to run task
[2025-05-07T10:41:24.163+0000] {standard_task_runner.py:104} INFO - Running: ['***', 'tasks', 'run', 'Et_dag', 'dbt_run', 'scheduled__2025-03-01T00:00:00+00:00', '--job-id', '762', '--raw', '--subdir', 'DAGS_FOLDER/ET_dag.py', '--cfg-path', '/tmp/tmpb3zlk8qg']
[2025-05-07T10:41:24.219+0000] {standard_task_runner.py:105} INFO - Job 762: Subtask dbt_run
[2025-05-07T10:41:24.581+0000] {task_command.py:467} INFO - Running <TaskInstance: Et_dag.dbt_run scheduled__2025-03-01T00:00:00+00:00 [running]> on host 3d46136a9270
[2025-05-07T10:41:25.378+0000] {taskinstance.py:3134} INFO - Exporting env vars: AIRFLOW_CTX_DAG_OWNER='***' AIRFLOW_CTX_DAG_ID='Et_dag' AIRFLOW_CTX_TASK_ID='dbt_run' AIRFLOW_CTX_EXECUTION_DATE='2025-03-01T00:00:00+00:00' AIRFLOW_CTX_TRY_NUMBER='1' AIRFLOW_CTX_DAG_RUN_ID='scheduled__2025-03-01T00:00:00+00:00'
[2025-05-07T10:41:25.381+0000] {taskinstance.py:732} INFO - ::endgroup::
[2025-05-07T10:41:25.522+0000] {subprocess.py:78} INFO - Tmp dir root location: /tmp
[2025-05-07T10:41:25.540+0000] {subprocess.py:88} INFO - Running command: ['/usr/bin/bash', '-c', 'cd /opt/***/Dbt/etl_dbt_project && dbt run']
[2025-05-07T10:41:25.595+0000] {subprocess.py:99} INFO - Output:
[2025-05-07T10:41:49.258+0000] {subprocess.py:106} INFO - [0m10:41:49  Running with dbt=1.8.7
[2025-05-07T10:41:51.260+0000] {subprocess.py:106} INFO - [0m10:41:51  Registered adapter: postgres=1.9.0
[2025-05-07T10:42:00.216+0000] {subprocess.py:106} INFO - [0m10:42:00  Found 2 seeds, 1 model, 9 data tests, 7 sources, 545 macros
[2025-05-07T10:42:00.245+0000] {subprocess.py:106} INFO - [0m10:42:00
[2025-05-07T10:42:02.702+0000] {subprocess.py:106} INFO - [0m10:42:02  Concurrency: 1 threads (target='dev')
[2025-05-07T10:42:02.766+0000] {subprocess.py:106} INFO - [0m10:42:02
[2025-05-07T10:42:03.472+0000] {subprocess.py:106} INFO - [0m10:42:03  1 of 1 START sql table model ***.Full_Transformation ....................... [RUN]
[2025-05-07T10:42:05.888+0000] {subprocess.py:106} INFO - [0m10:42:05  1 of 1 ERROR creating sql table model ***.Full_Transformation .............. [[31mERROR[0m in 2.40s]
[2025-05-07T10:42:05.974+0000] {subprocess.py:106} INFO - [0m10:42:05
[2025-05-07T10:42:05.977+0000] {subprocess.py:106} INFO - [0m10:42:05  Finished running 1 table model in 0 hours 0 minutes and 5.72 seconds (5.72s).
[2025-05-07T10:42:06.397+0000] {subprocess.py:106} INFO - [0m10:42:06
[2025-05-07T10:42:06.408+0000] {subprocess.py:106} INFO - [0m10:42:06  [31mCompleted with 1 error and 0 warnings:[0m
[2025-05-07T10:42:06.418+0000] {subprocess.py:106} INFO - [0m10:42:06
[2025-05-07T10:42:06.424+0000] {subprocess.py:106} INFO - [0m10:42:06    Database Error in model Full_Transformation (models/Full_Transformation.sql)
[2025-05-07T10:42:06.428+0000] {subprocess.py:106} INFO -   relation "Full_Transformation" already exists
[2025-05-07T10:42:06.446+0000] {subprocess.py:106} INFO -   compiled code at target/run/etl_dbt_project/models/Full_Transformation.sql
[2025-05-07T10:42:06.457+0000] {subprocess.py:106} INFO - [0m10:42:06
[2025-05-07T10:42:06.464+0000] {subprocess.py:106} INFO - [0m10:42:06  Done. PASS=0 WARN=0 ERROR=1 SKIP=0 TOTAL=1
[2025-05-07T10:42:09.115+0000] {subprocess.py:110} INFO - Command exited with return code 1
[2025-05-07T10:42:10.767+0000] {taskinstance.py:3313} ERROR - Task failed with exception
Traceback (most recent call last):
  File "/home/airflow/.local/lib/python3.12/site-packages/airflow/models/taskinstance.py", line 768, in _execute_task
    result = _execute_callable(context=context, **execute_callable_kwargs)
             ^^^^^^^^^^^^^^^^^^^^^^^^^^^^^^^^^^^^^^^^^^^^^^^^^^^^^^^^^^^^^
  File "/home/airflow/.local/lib/python3.12/site-packages/airflow/models/taskinstance.py", line 734, in _execute_callable
    return ExecutionCallableRunner(
           ^^^^^^^^^^^^^^^^^^^^^^^^
  File "/home/airflow/.local/lib/python3.12/site-packages/airflow/utils/operator_helpers.py", line 252, in run
    return self.func(*args, **kwargs)
           ^^^^^^^^^^^^^^^^^^^^^^^^^^
  File "/home/airflow/.local/lib/python3.12/site-packages/airflow/models/baseoperator.py", line 424, in wrapper
    return func(self, *args, **kwargs)
           ^^^^^^^^^^^^^^^^^^^^^^^^^^^
  File "/home/airflow/.local/lib/python3.12/site-packages/airflow/operators/bash.py", line 276, in execute
    raise AirflowException(
airflow.exceptions.AirflowException: Bash command failed. The command returned a non-zero exit code 1.
[2025-05-07T10:42:11.251+0000] {taskinstance.py:1226} INFO - Marking task as UP_FOR_RETRY. dag_id=Et_dag, task_id=dbt_run, run_id=scheduled__2025-03-01T00:00:00+00:00, execution_date=20250301T000000, start_date=20250507T104123, end_date=20250507T104211
[2025-05-07T10:42:12.347+0000] {taskinstance.py:341} INFO - ::group::Post task execution logs
[2025-05-07T10:42:12.378+0000] {standard_task_runner.py:124} ERROR - Failed to execute job 762 for task dbt_run (Bash command failed. The command returned a non-zero exit code 1.; 22116)
Traceback (most recent call last):
  File "/home/airflow/.local/lib/python3.12/site-packages/airflow/task/task_runner/standard_task_runner.py", line 117, in _start_by_fork
    ret = args.func(args, dag=self.dag)
          ^^^^^^^^^^^^^^^^^^^^^^^^^^^^^
  File "/home/airflow/.local/lib/python3.12/site-packages/airflow/cli/cli_config.py", line 49, in command
    return func(*args, **kwargs)
           ^^^^^^^^^^^^^^^^^^^^^
  File "/home/airflow/.local/lib/python3.12/site-packages/airflow/utils/cli.py", line 116, in wrapper
    return f(*args, **kwargs)
           ^^^^^^^^^^^^^^^^^^
  File "/home/airflow/.local/lib/python3.12/site-packages/airflow/cli/commands/task_command.py", line 483, in task_run
    task_return_code = _run_task_by_selected_method(args, _dag, ti)
                       ^^^^^^^^^^^^^^^^^^^^^^^^^^^^^^^^^^^^^^^^^^^^
  File "/home/airflow/.local/lib/python3.12/site-packages/airflow/cli/commands/task_command.py", line 256, in _run_task_by_selected_method
    return _run_raw_task(args, ti)
           ^^^^^^^^^^^^^^^^^^^^^^^
  File "/home/airflow/.local/lib/python3.12/site-packages/airflow/cli/commands/task_command.py", line 341, in _run_raw_task
    return ti._run_raw_task(
           ^^^^^^^^^^^^^^^^^
  File "/home/airflow/.local/lib/python3.12/site-packages/airflow/utils/session.py", line 97, in wrapper
    return func(*args, session=session, **kwargs)
           ^^^^^^^^^^^^^^^^^^^^^^^^^^^^^^^^^^^^^^
  File "/home/airflow/.local/lib/python3.12/site-packages/airflow/models/taskinstance.py", line 3006, in _run_raw_task
    return _run_raw_task(
           ^^^^^^^^^^^^^^
  File "/home/airflow/.local/lib/python3.12/site-packages/airflow/models/taskinstance.py", line 274, in _run_raw_task
    TaskInstance._execute_task_with_callbacks(
  File "/home/airflow/.local/lib/python3.12/site-packages/airflow/models/taskinstance.py", line 3161, in _execute_task_with_callbacks
    result = self._execute_task(context, task_orig)
             ^^^^^^^^^^^^^^^^^^^^^^^^^^^^^^^^^^^^^^
  File "/home/airflow/.local/lib/python3.12/site-packages/airflow/models/taskinstance.py", line 3185, in _execute_task
    return _execute_task(self, context, task_orig)
           ^^^^^^^^^^^^^^^^^^^^^^^^^^^^^^^^^^^^^^^
  File "/home/airflow/.local/lib/python3.12/site-packages/airflow/models/taskinstance.py", line 768, in _execute_task
    result = _execute_callable(context=context, **execute_callable_kwargs)
             ^^^^^^^^^^^^^^^^^^^^^^^^^^^^^^^^^^^^^^^^^^^^^^^^^^^^^^^^^^^^^
  File "/home/airflow/.local/lib/python3.12/site-packages/airflow/models/taskinstance.py", line 734, in _execute_callable
    return ExecutionCallableRunner(
           ^^^^^^^^^^^^^^^^^^^^^^^^
  File "/home/airflow/.local/lib/python3.12/site-packages/airflow/utils/operator_helpers.py", line 252, in run
    return self.func(*args, **kwargs)
           ^^^^^^^^^^^^^^^^^^^^^^^^^^
  File "/home/airflow/.local/lib/python3.12/site-packages/airflow/models/baseoperator.py", line 424, in wrapper
    return func(self, *args, **kwargs)
           ^^^^^^^^^^^^^^^^^^^^^^^^^^^
  File "/home/airflow/.local/lib/python3.12/site-packages/airflow/operators/bash.py", line 276, in execute
    raise AirflowException(
airflow.exceptions.AirflowException: Bash command failed. The command returned a non-zero exit code 1.
[2025-05-07T10:42:12.701+0000] {local_task_job_runner.py:266} INFO - Task exited with return code 1
[2025-05-07T10:42:14.316+0000] {standard_task_runner.py:217} INFO - Process not found (most likely exited), stop collecting metrics
[2025-05-07T10:42:14.501+0000] {taskinstance.py:3901} INFO - 0 downstream tasks scheduled from follow-on schedule check
[2025-05-07T10:42:14.535+0000] {local_task_job_runner.py:245} INFO - ::endgroup::
