[2025-05-07T10:41:27.518+0000] {local_task_job_runner.py:123} INFO - ::group::Pre task execution logs
[2025-05-07T10:41:27.729+0000] {taskinstance.py:2614} INFO - Dependencies all met for dep_context=non-requeueable deps ti=<TaskInstance: Et_dag.dbt_run scheduled__2024-12-01T00:00:00+00:00 [queued]>
[2025-05-07T10:41:27.910+0000] {taskinstance.py:2614} INFO - Dependencies all met for dep_context=requeueable deps ti=<TaskInstance: Et_dag.dbt_run scheduled__2024-12-01T00:00:00+00:00 [queued]>
[2025-05-07T10:41:27.912+0000] {taskinstance.py:2867} INFO - Starting attempt 1 of 2
[2025-05-07T10:41:28.062+0000] {taskinstance.py:2890} INFO - Executing <Task(BashOperator): dbt_run> on 2024-12-01 00:00:00+00:00
[2025-05-07T10:41:28.072+0000] {standard_task_runner.py:72} INFO - Started process 22139 to run task
[2025-05-07T10:41:28.150+0000] {standard_task_runner.py:104} INFO - Running: ['***', 'tasks', 'run', 'Et_dag', 'dbt_run', 'scheduled__2024-12-01T00:00:00+00:00', '--job-id', '766', '--raw', '--subdir', 'DAGS_FOLDER/ET_dag.py', '--cfg-path', '/tmp/tmpq9tze9zy']
[2025-05-07T10:41:28.168+0000] {standard_task_runner.py:105} INFO - Job 766: Subtask dbt_run
[2025-05-07T10:41:28.592+0000] {task_command.py:467} INFO - Running <TaskInstance: Et_dag.dbt_run scheduled__2024-12-01T00:00:00+00:00 [running]> on host 3d46136a9270
[2025-05-07T10:41:29.119+0000] {taskinstance.py:3134} INFO - Exporting env vars: AIRFLOW_CTX_DAG_OWNER='***' AIRFLOW_CTX_DAG_ID='Et_dag' AIRFLOW_CTX_TASK_ID='dbt_run' AIRFLOW_CTX_EXECUTION_DATE='2024-12-01T00:00:00+00:00' AIRFLOW_CTX_TRY_NUMBER='1' AIRFLOW_CTX_DAG_RUN_ID='scheduled__2024-12-01T00:00:00+00:00'
[2025-05-07T10:41:29.121+0000] {taskinstance.py:732} INFO - ::endgroup::
[2025-05-07T10:41:29.183+0000] {subprocess.py:78} INFO - Tmp dir root location: /tmp
[2025-05-07T10:41:29.186+0000] {subprocess.py:88} INFO - Running command: ['/usr/bin/bash', '-c', 'cd /opt/***/Dbt/etl_dbt_project && dbt run']
[2025-05-07T10:41:29.231+0000] {subprocess.py:99} INFO - Output:
[2025-05-07T10:41:53.567+0000] {subprocess.py:106} INFO - [0m10:41:53  Running with dbt=1.8.7
[2025-05-07T10:41:55.898+0000] {subprocess.py:106} INFO - [0m10:41:55  Registered adapter: postgres=1.9.0
[2025-05-07T10:42:07.439+0000] {subprocess.py:106} INFO - [0m10:42:07  Found 2 seeds, 1 model, 9 data tests, 7 sources, 545 macros
[2025-05-07T10:42:07.458+0000] {subprocess.py:106} INFO - [0m10:42:07
[2025-05-07T10:42:08.146+0000] {subprocess.py:106} INFO - [0m10:42:08  Concurrency: 1 threads (target='dev')
[2025-05-07T10:42:08.150+0000] {subprocess.py:106} INFO - [0m10:42:08
[2025-05-07T10:42:08.249+0000] {subprocess.py:106} INFO - [0m10:42:08  1 of 1 START sql table model ***.Full_Transformation ....................... [RUN]
[2025-05-07T10:42:09.794+0000] {subprocess.py:106} INFO - [0m10:42:09  1 of 1 ERROR creating sql table model ***.Full_Transformation .............. [[31mERROR[0m in 1.50s]
[2025-05-07T10:42:09.897+0000] {subprocess.py:106} INFO - [0m10:42:09
[2025-05-07T10:42:09.904+0000] {subprocess.py:106} INFO - [0m10:42:09  Finished running 1 table model in 0 hours 0 minutes and 2.42 seconds (2.42s).
[2025-05-07T10:42:10.456+0000] {subprocess.py:106} INFO - [0m10:42:10
[2025-05-07T10:42:10.464+0000] {subprocess.py:106} INFO - [0m10:42:10  [31mCompleted with 1 error and 0 warnings:[0m
[2025-05-07T10:42:10.467+0000] {subprocess.py:106} INFO - [0m10:42:10
[2025-05-07T10:42:10.471+0000] {subprocess.py:106} INFO - [0m10:42:10    Database Error in model Full_Transformation (models/Full_Transformation.sql)
[2025-05-07T10:42:10.472+0000] {subprocess.py:106} INFO -   relation "Full_Transformation__dbt_backup" already exists
[2025-05-07T10:42:10.474+0000] {subprocess.py:106} INFO -   compiled code at target/run/etl_dbt_project/models/Full_Transformation.sql
[2025-05-07T10:42:10.477+0000] {subprocess.py:106} INFO - [0m10:42:10
[2025-05-07T10:42:10.479+0000] {subprocess.py:106} INFO - [0m10:42:10  Done. PASS=0 WARN=0 ERROR=1 SKIP=0 TOTAL=1
[2025-05-07T10:42:13.796+0000] {subprocess.py:110} INFO - Command exited with return code 1
[2025-05-07T10:42:15.224+0000] {taskinstance.py:3313} ERROR - Task failed with exception
Traceback (most recent call last):
  File "/home/airflow/.local/lib/python3.12/site-packages/airflow/models/taskinstance.py", line 768, in _execute_task
    result = _execute_callable(context=context, **execute_callable_kwargs)
             ^^^^^^^^^^^^^^^^^^^^^^^^^^^^^^^^^^^^^^^^^^^^^^^^^^^^^^^^^^^^^
  File "/home/airflow/.local/lib/python3.12/site-packages/airflow/models/taskinstance.py", line 734, in _execute_callable
    return ExecutionCallableRunner(
           ^^^^^^^^^^^^^^^^^^^^^^^^
  File "/home/airflow/.local/lib/python3.12/site-packages/airflow/utils/operator_helpers.py", line 252, in run
    return self.func(*args, **kwargs)
           ^^^^^^^^^^^^^^^^^^^^^^^^^^
  File "/home/airflow/.local/lib/python3.12/site-packages/airflow/models/baseoperator.py", line 424, in wrapper
    return func(self, *args, **kwargs)
           ^^^^^^^^^^^^^^^^^^^^^^^^^^^
  File "/home/airflow/.local/lib/python3.12/site-packages/airflow/operators/bash.py", line 276, in execute
    raise AirflowException(
airflow.exceptions.AirflowException: Bash command failed. The command returned a non-zero exit code 1.
[2025-05-07T10:42:15.338+0000] {taskinstance.py:1226} INFO - Marking task as UP_FOR_RETRY. dag_id=Et_dag, task_id=dbt_run, run_id=scheduled__2024-12-01T00:00:00+00:00, execution_date=20241201T000000, start_date=20250507T104127, end_date=20250507T104215
[2025-05-07T10:42:15.631+0000] {taskinstance.py:341} INFO - ::group::Post task execution logs
[2025-05-07T10:42:15.652+0000] {standard_task_runner.py:124} ERROR - Failed to execute job 766 for task dbt_run (Bash command failed. The command returned a non-zero exit code 1.; 22139)
Traceback (most recent call last):
  File "/home/airflow/.local/lib/python3.12/site-packages/airflow/task/task_runner/standard_task_runner.py", line 117, in _start_by_fork
    ret = args.func(args, dag=self.dag)
          ^^^^^^^^^^^^^^^^^^^^^^^^^^^^^
  File "/home/airflow/.local/lib/python3.12/site-packages/airflow/cli/cli_config.py", line 49, in command
    return func(*args, **kwargs)
           ^^^^^^^^^^^^^^^^^^^^^
  File "/home/airflow/.local/lib/python3.12/site-packages/airflow/utils/cli.py", line 116, in wrapper
    return f(*args, **kwargs)
           ^^^^^^^^^^^^^^^^^^
  File "/home/airflow/.local/lib/python3.12/site-packages/airflow/cli/commands/task_command.py", line 483, in task_run
    task_return_code = _run_task_by_selected_method(args, _dag, ti)
                       ^^^^^^^^^^^^^^^^^^^^^^^^^^^^^^^^^^^^^^^^^^^^
  File "/home/airflow/.local/lib/python3.12/site-packages/airflow/cli/commands/task_command.py", line 256, in _run_task_by_selected_method
    return _run_raw_task(args, ti)
           ^^^^^^^^^^^^^^^^^^^^^^^
  File "/home/airflow/.local/lib/python3.12/site-packages/airflow/cli/commands/task_command.py", line 341, in _run_raw_task
    return ti._run_raw_task(
           ^^^^^^^^^^^^^^^^^
  File "/home/airflow/.local/lib/python3.12/site-packages/airflow/utils/session.py", line 97, in wrapper
    return func(*args, session=session, **kwargs)
           ^^^^^^^^^^^^^^^^^^^^^^^^^^^^^^^^^^^^^^
  File "/home/airflow/.local/lib/python3.12/site-packages/airflow/models/taskinstance.py", line 3006, in _run_raw_task
    return _run_raw_task(
           ^^^^^^^^^^^^^^
  File "/home/airflow/.local/lib/python3.12/site-packages/airflow/models/taskinstance.py", line 274, in _run_raw_task
    TaskInstance._execute_task_with_callbacks(
  File "/home/airflow/.local/lib/python3.12/site-packages/airflow/models/taskinstance.py", line 3161, in _execute_task_with_callbacks
    result = self._execute_task(context, task_orig)
             ^^^^^^^^^^^^^^^^^^^^^^^^^^^^^^^^^^^^^^
  File "/home/airflow/.local/lib/python3.12/site-packages/airflow/models/taskinstance.py", line 3185, in _execute_task
    return _execute_task(self, context, task_orig)
           ^^^^^^^^^^^^^^^^^^^^^^^^^^^^^^^^^^^^^^^
  File "/home/airflow/.local/lib/python3.12/site-packages/airflow/models/taskinstance.py", line 768, in _execute_task
    result = _execute_callable(context=context, **execute_callable_kwargs)
             ^^^^^^^^^^^^^^^^^^^^^^^^^^^^^^^^^^^^^^^^^^^^^^^^^^^^^^^^^^^^^
  File "/home/airflow/.local/lib/python3.12/site-packages/airflow/models/taskinstance.py", line 734, in _execute_callable
    return ExecutionCallableRunner(
           ^^^^^^^^^^^^^^^^^^^^^^^^
  File "/home/airflow/.local/lib/python3.12/site-packages/airflow/utils/operator_helpers.py", line 252, in run
    return self.func(*args, **kwargs)
           ^^^^^^^^^^^^^^^^^^^^^^^^^^
  File "/home/airflow/.local/lib/python3.12/site-packages/airflow/models/baseoperator.py", line 424, in wrapper
    return func(self, *args, **kwargs)
           ^^^^^^^^^^^^^^^^^^^^^^^^^^^
  File "/home/airflow/.local/lib/python3.12/site-packages/airflow/operators/bash.py", line 276, in execute
    raise AirflowException(
airflow.exceptions.AirflowException: Bash command failed. The command returned a non-zero exit code 1.
[2025-05-07T10:42:15.692+0000] {local_task_job_runner.py:266} INFO - Task exited with return code 1
[2025-05-07T10:42:15.900+0000] {taskinstance.py:3901} INFO - 0 downstream tasks scheduled from follow-on schedule check
[2025-05-07T10:42:15.957+0000] {local_task_job_runner.py:245} INFO - ::endgroup::
