[2025-04-21T09:14:58.661+0000] {local_task_job_runner.py:123} INFO - ::group::Pre task execution logs
[2025-04-21T09:14:58.679+0000] {taskinstance.py:2614} INFO - Dependencies all met for dep_context=non-requeueable deps ti=<TaskInstance: detect_and_extract_dag.detect_new_files scheduled__2025-04-21T07:00:00+00:00 [queued]>
[2025-04-21T09:14:58.690+0000] {taskinstance.py:2614} INFO - Dependencies all met for dep_context=requeueable deps ti=<TaskInstance: detect_and_extract_dag.detect_new_files scheduled__2025-04-21T07:00:00+00:00 [queued]>
[2025-04-21T09:14:58.691+0000] {taskinstance.py:2867} INFO - Starting attempt 20 of 20
[2025-04-21T09:14:58.708+0000] {taskinstance.py:2890} INFO - Executing <Task(PythonOperator): detect_new_files> on 2025-04-21 07:00:00+00:00
[2025-04-21T09:14:58.712+0000] {standard_task_runner.py:72} INFO - Started process 5521 to run task
[2025-04-21T09:14:58.716+0000] {standard_task_runner.py:104} INFO - Running: ['***', 'tasks', 'run', 'detect_and_extract_dag', 'detect_new_files', 'scheduled__2025-04-21T07:00:00+00:00', '--job-id', '597', '--raw', '--subdir', 'DAGS_FOLDER/detect_and_extract_dag.py', '--cfg-path', '/tmp/tmp0uij6xld']
[2025-04-21T09:14:58.718+0000] {standard_task_runner.py:105} INFO - Job 597: Subtask detect_new_files
[2025-04-21T09:14:58.782+0000] {task_command.py:467} INFO - Running <TaskInstance: detect_and_extract_dag.detect_new_files scheduled__2025-04-21T07:00:00+00:00 [running]> on host d7d36d5d8c2d
[2025-04-21T09:14:58.872+0000] {taskinstance.py:3134} INFO - Exporting env vars: AIRFLOW_CTX_DAG_OWNER='***' AIRFLOW_CTX_DAG_ID='detect_and_extract_dag' AIRFLOW_CTX_TASK_ID='detect_new_files' AIRFLOW_CTX_EXECUTION_DATE='2025-04-21T07:00:00+00:00' AIRFLOW_CTX_TRY_NUMBER='20' AIRFLOW_CTX_DAG_RUN_ID='scheduled__2025-04-21T07:00:00+00:00'
[2025-04-21T09:14:58.873+0000] {taskinstance.py:732} INFO - ::endgroup::
[2025-04-21T09:14:58.889+0000] {taskinstance.py:3313} ERROR - Task failed with exception
Traceback (most recent call last):
  File "/home/airflow/.local/lib/python3.12/site-packages/airflow/models/taskinstance.py", line 768, in _execute_task
    result = _execute_callable(context=context, **execute_callable_kwargs)
             ^^^^^^^^^^^^^^^^^^^^^^^^^^^^^^^^^^^^^^^^^^^^^^^^^^^^^^^^^^^^^
  File "/home/airflow/.local/lib/python3.12/site-packages/airflow/models/taskinstance.py", line 734, in _execute_callable
    return ExecutionCallableRunner(
           ^^^^^^^^^^^^^^^^^^^^^^^^
  File "/home/airflow/.local/lib/python3.12/site-packages/airflow/utils/operator_helpers.py", line 252, in run
    return self.func(*args, **kwargs)
           ^^^^^^^^^^^^^^^^^^^^^^^^^^
  File "/home/airflow/.local/lib/python3.12/site-packages/airflow/models/baseoperator.py", line 424, in wrapper
    return func(self, *args, **kwargs)
           ^^^^^^^^^^^^^^^^^^^^^^^^^^^
  File "/home/airflow/.local/lib/python3.12/site-packages/airflow/operators/python.py", line 238, in execute
    return_value = self.execute_callable()
                   ^^^^^^^^^^^^^^^^^^^^^^^
  File "/home/airflow/.local/lib/python3.12/site-packages/airflow/operators/python.py", line 256, in execute_callable
    return runner.run(*self.op_args, **self.op_kwargs)
           ^^^^^^^^^^^^^^^^^^^^^^^^^^^^^^^^^^^^^^^^^^^
  File "/home/airflow/.local/lib/python3.12/site-packages/airflow/utils/operator_helpers.py", line 252, in run
    return self.func(*args, **kwargs)
           ^^^^^^^^^^^^^^^^^^^^^^^^^^
  File "/opt/airflow/dags/detect_and_extract_dag.py", line 19, in detect_new_files
    all_files = set(os.listdir(WATCHED_DIR))
                    ^^^^^^^^^^^^^^^^^^^^^^^
FileNotFoundError: [Errno 2] No such file or directory: 'C:\\\\Users\\\\dell\\\\Airflow_Docker\\\\Airflow\\\\raw_data'
[2025-04-21T09:14:58.901+0000] {taskinstance.py:1226} INFO - Marking task as FAILED. dag_id=detect_and_extract_dag, task_id=detect_new_files, run_id=scheduled__2025-04-21T07:00:00+00:00, execution_date=20250421T070000, start_date=20250421T091458, end_date=20250421T091458
[2025-04-21T09:14:58.928+0000] {taskinstance.py:341} INFO - ::group::Post task execution logs
[2025-04-21T09:14:58.929+0000] {standard_task_runner.py:124} ERROR - Failed to execute job 597 for task detect_new_files ([Errno 2] No such file or directory: 'C:\\\\Users\\\\dell\\\\Airflow_Docker\\\\Airflow\\\\raw_data'; 5521)
Traceback (most recent call last):
  File "/home/airflow/.local/lib/python3.12/site-packages/airflow/task/task_runner/standard_task_runner.py", line 117, in _start_by_fork
    ret = args.func(args, dag=self.dag)
          ^^^^^^^^^^^^^^^^^^^^^^^^^^^^^
  File "/home/airflow/.local/lib/python3.12/site-packages/airflow/cli/cli_config.py", line 49, in command
    return func(*args, **kwargs)
           ^^^^^^^^^^^^^^^^^^^^^
  File "/home/airflow/.local/lib/python3.12/site-packages/airflow/utils/cli.py", line 116, in wrapper
    return f(*args, **kwargs)
           ^^^^^^^^^^^^^^^^^^
  File "/home/airflow/.local/lib/python3.12/site-packages/airflow/cli/commands/task_command.py", line 483, in task_run
    task_return_code = _run_task_by_selected_method(args, _dag, ti)
                       ^^^^^^^^^^^^^^^^^^^^^^^^^^^^^^^^^^^^^^^^^^^^
  File "/home/airflow/.local/lib/python3.12/site-packages/airflow/cli/commands/task_command.py", line 256, in _run_task_by_selected_method
    return _run_raw_task(args, ti)
           ^^^^^^^^^^^^^^^^^^^^^^^
  File "/home/airflow/.local/lib/python3.12/site-packages/airflow/cli/commands/task_command.py", line 341, in _run_raw_task
    return ti._run_raw_task(
           ^^^^^^^^^^^^^^^^^
  File "/home/airflow/.local/lib/python3.12/site-packages/airflow/utils/session.py", line 97, in wrapper
    return func(*args, session=session, **kwargs)
           ^^^^^^^^^^^^^^^^^^^^^^^^^^^^^^^^^^^^^^
  File "/home/airflow/.local/lib/python3.12/site-packages/airflow/models/taskinstance.py", line 3006, in _run_raw_task
    return _run_raw_task(
           ^^^^^^^^^^^^^^
  File "/home/airflow/.local/lib/python3.12/site-packages/airflow/models/taskinstance.py", line 274, in _run_raw_task
    TaskInstance._execute_task_with_callbacks(
  File "/home/airflow/.local/lib/python3.12/site-packages/airflow/models/taskinstance.py", line 3161, in _execute_task_with_callbacks
    result = self._execute_task(context, task_orig)
             ^^^^^^^^^^^^^^^^^^^^^^^^^^^^^^^^^^^^^^
  File "/home/airflow/.local/lib/python3.12/site-packages/airflow/models/taskinstance.py", line 3185, in _execute_task
    return _execute_task(self, context, task_orig)
           ^^^^^^^^^^^^^^^^^^^^^^^^^^^^^^^^^^^^^^^
  File "/home/airflow/.local/lib/python3.12/site-packages/airflow/models/taskinstance.py", line 768, in _execute_task
    result = _execute_callable(context=context, **execute_callable_kwargs)
             ^^^^^^^^^^^^^^^^^^^^^^^^^^^^^^^^^^^^^^^^^^^^^^^^^^^^^^^^^^^^^
  File "/home/airflow/.local/lib/python3.12/site-packages/airflow/models/taskinstance.py", line 734, in _execute_callable
    return ExecutionCallableRunner(
           ^^^^^^^^^^^^^^^^^^^^^^^^
  File "/home/airflow/.local/lib/python3.12/site-packages/airflow/utils/operator_helpers.py", line 252, in run
    return self.func(*args, **kwargs)
           ^^^^^^^^^^^^^^^^^^^^^^^^^^
  File "/home/airflow/.local/lib/python3.12/site-packages/airflow/models/baseoperator.py", line 424, in wrapper
    return func(self, *args, **kwargs)
           ^^^^^^^^^^^^^^^^^^^^^^^^^^^
  File "/home/airflow/.local/lib/python3.12/site-packages/airflow/operators/python.py", line 238, in execute
    return_value = self.execute_callable()
                   ^^^^^^^^^^^^^^^^^^^^^^^
  File "/home/airflow/.local/lib/python3.12/site-packages/airflow/operators/python.py", line 256, in execute_callable
    return runner.run(*self.op_args, **self.op_kwargs)
           ^^^^^^^^^^^^^^^^^^^^^^^^^^^^^^^^^^^^^^^^^^^
  File "/home/airflow/.local/lib/python3.12/site-packages/airflow/utils/operator_helpers.py", line 252, in run
    return self.func(*args, **kwargs)
           ^^^^^^^^^^^^^^^^^^^^^^^^^^
  File "/opt/airflow/dags/detect_and_extract_dag.py", line 19, in detect_new_files
    all_files = set(os.listdir(WATCHED_DIR))
                    ^^^^^^^^^^^^^^^^^^^^^^^
FileNotFoundError: [Errno 2] No such file or directory: 'C:\\\\Users\\\\dell\\\\Airflow_Docker\\\\Airflow\\\\raw_data'
[2025-04-21T09:14:58.970+0000] {local_task_job_runner.py:266} INFO - Task exited with return code 1
[2025-04-21T09:14:59.004+0000] {taskinstance.py:3901} INFO - 0 downstream tasks scheduled from follow-on schedule check
[2025-04-21T09:14:59.009+0000] {local_task_job_runner.py:245} INFO - ::endgroup::
