[2025-04-21T08:20:34.698+0000] {local_task_job_runner.py:123} INFO - ::group::Pre task execution logs
[2025-04-21T08:20:34.727+0000] {taskinstance.py:2614} INFO - Dependencies all met for dep_context=non-requeueable deps ti=<TaskInstance: detect_and_extract_dag.detect_new_files scheduled__2025-04-21T07:00:00+00:00 [queued]>
[2025-04-21T08:20:34.738+0000] {taskinstance.py:2614} INFO - Dependencies all met for dep_context=requeueable deps ti=<TaskInstance: detect_and_extract_dag.detect_new_files scheduled__2025-04-21T07:00:00+00:00 [queued]>
[2025-04-21T08:20:34.741+0000] {taskinstance.py:2867} INFO - Starting attempt 1 of 2
[2025-04-21T08:20:34.764+0000] {taskinstance.py:2890} INFO - Executing <Task(PythonOperator): detect_new_files> on 2025-04-21 07:00:00+00:00
[2025-04-21T08:20:34.769+0000] {standard_task_runner.py:72} INFO - Started process 2131 to run task
[2025-04-21T08:20:34.774+0000] {standard_task_runner.py:104} INFO - Running: ['***', 'tasks', 'run', 'detect_and_extract_dag', 'detect_new_files', 'scheduled__2025-04-21T07:00:00+00:00', '--job-id', '573', '--raw', '--subdir', 'DAGS_FOLDER/detect_and_extract_dag.py', '--cfg-path', '/tmp/tmpu2njv_p0']
[2025-04-21T08:20:34.777+0000] {standard_task_runner.py:105} INFO - Job 573: Subtask detect_new_files
[2025-04-21T08:20:34.826+0000] {task_command.py:467} INFO - Running <TaskInstance: detect_and_extract_dag.detect_new_files scheduled__2025-04-21T07:00:00+00:00 [running]> on host d7d36d5d8c2d
[2025-04-21T08:20:34.951+0000] {taskinstance.py:3134} INFO - Exporting env vars: AIRFLOW_CTX_DAG_OWNER='***' AIRFLOW_CTX_DAG_ID='detect_and_extract_dag' AIRFLOW_CTX_TASK_ID='detect_new_files' AIRFLOW_CTX_EXECUTION_DATE='2025-04-21T07:00:00+00:00' AIRFLOW_CTX_TRY_NUMBER='1' AIRFLOW_CTX_DAG_RUN_ID='scheduled__2025-04-21T07:00:00+00:00'
[2025-04-21T08:20:34.954+0000] {taskinstance.py:732} INFO - ::endgroup::
[2025-04-21T08:20:35.083+0000] {taskinstance.py:3313} ERROR - Task failed with exception
Traceback (most recent call last):
  File "/home/airflow/.local/lib/python3.12/site-packages/airflow/models/taskinstance.py", line 768, in _execute_task
    result = _execute_callable(context=context, **execute_callable_kwargs)
             ^^^^^^^^^^^^^^^^^^^^^^^^^^^^^^^^^^^^^^^^^^^^^^^^^^^^^^^^^^^^^
  File "/home/airflow/.local/lib/python3.12/site-packages/airflow/models/taskinstance.py", line 734, in _execute_callable
    return ExecutionCallableRunner(
           ^^^^^^^^^^^^^^^^^^^^^^^^
  File "/home/airflow/.local/lib/python3.12/site-packages/airflow/utils/operator_helpers.py", line 252, in run
    return self.func(*args, **kwargs)
           ^^^^^^^^^^^^^^^^^^^^^^^^^^
  File "/home/airflow/.local/lib/python3.12/site-packages/airflow/models/baseoperator.py", line 424, in wrapper
    return func(self, *args, **kwargs)
           ^^^^^^^^^^^^^^^^^^^^^^^^^^^
  File "/home/airflow/.local/lib/python3.12/site-packages/airflow/operators/python.py", line 238, in execute
    return_value = self.execute_callable()
                   ^^^^^^^^^^^^^^^^^^^^^^^
  File "/home/airflow/.local/lib/python3.12/site-packages/airflow/operators/python.py", line 256, in execute_callable
    return runner.run(*self.op_args, **self.op_kwargs)
           ^^^^^^^^^^^^^^^^^^^^^^^^^^^^^^^^^^^^^^^^^^^
  File "/home/airflow/.local/lib/python3.12/site-packages/airflow/utils/operator_helpers.py", line 252, in run
    return self.func(*args, **kwargs)
           ^^^^^^^^^^^^^^^^^^^^^^^^^^
  File "/opt/airflow/dags/detect_and_extract_dag.py", line 19, in detect_new_files
    all_files = set(os.listdir(WATCHED_DIR))
                    ^^^^^^^^^^^^^^^^^^^^^^^
FileNotFoundError: [Errno 2] No such file or directory: 'C:\\Users\\dell\\Airflow_Docker\\Airflow\\data'
[2025-04-21T08:20:35.121+0000] {taskinstance.py:1226} INFO - Marking task as UP_FOR_RETRY. dag_id=detect_and_extract_dag, task_id=detect_new_files, run_id=scheduled__2025-04-21T07:00:00+00:00, execution_date=20250421T070000, start_date=20250421T082034, end_date=20250421T082035
[2025-04-21T08:20:35.197+0000] {taskinstance.py:341} INFO - ::group::Post task execution logs
[2025-04-21T08:20:35.198+0000] {standard_task_runner.py:124} ERROR - Failed to execute job 573 for task detect_new_files ([Errno 2] No such file or directory: 'C:\\Users\\dell\\Airflow_Docker\\Airflow\\data'; 2131)
Traceback (most recent call last):
  File "/home/airflow/.local/lib/python3.12/site-packages/airflow/task/task_runner/standard_task_runner.py", line 117, in _start_by_fork
    ret = args.func(args, dag=self.dag)
          ^^^^^^^^^^^^^^^^^^^^^^^^^^^^^
  File "/home/airflow/.local/lib/python3.12/site-packages/airflow/cli/cli_config.py", line 49, in command
    return func(*args, **kwargs)
           ^^^^^^^^^^^^^^^^^^^^^
  File "/home/airflow/.local/lib/python3.12/site-packages/airflow/utils/cli.py", line 116, in wrapper
    return f(*args, **kwargs)
           ^^^^^^^^^^^^^^^^^^
  File "/home/airflow/.local/lib/python3.12/site-packages/airflow/cli/commands/task_command.py", line 483, in task_run
    task_return_code = _run_task_by_selected_method(args, _dag, ti)
                       ^^^^^^^^^^^^^^^^^^^^^^^^^^^^^^^^^^^^^^^^^^^^
  File "/home/airflow/.local/lib/python3.12/site-packages/airflow/cli/commands/task_command.py", line 256, in _run_task_by_selected_method
    return _run_raw_task(args, ti)
           ^^^^^^^^^^^^^^^^^^^^^^^
  File "/home/airflow/.local/lib/python3.12/site-packages/airflow/cli/commands/task_command.py", line 341, in _run_raw_task
    return ti._run_raw_task(
           ^^^^^^^^^^^^^^^^^
  File "/home/airflow/.local/lib/python3.12/site-packages/airflow/utils/session.py", line 97, in wrapper
    return func(*args, session=session, **kwargs)
           ^^^^^^^^^^^^^^^^^^^^^^^^^^^^^^^^^^^^^^
  File "/home/airflow/.local/lib/python3.12/site-packages/airflow/models/taskinstance.py", line 3006, in _run_raw_task
    return _run_raw_task(
           ^^^^^^^^^^^^^^
  File "/home/airflow/.local/lib/python3.12/site-packages/airflow/models/taskinstance.py", line 274, in _run_raw_task
    TaskInstance._execute_task_with_callbacks(
  File "/home/airflow/.local/lib/python3.12/site-packages/airflow/models/taskinstance.py", line 3161, in _execute_task_with_callbacks
    result = self._execute_task(context, task_orig)
             ^^^^^^^^^^^^^^^^^^^^^^^^^^^^^^^^^^^^^^
  File "/home/airflow/.local/lib/python3.12/site-packages/airflow/models/taskinstance.py", line 3185, in _execute_task
    return _execute_task(self, context, task_orig)
           ^^^^^^^^^^^^^^^^^^^^^^^^^^^^^^^^^^^^^^^
  File "/home/airflow/.local/lib/python3.12/site-packages/airflow/models/taskinstance.py", line 768, in _execute_task
    result = _execute_callable(context=context, **execute_callable_kwargs)
             ^^^^^^^^^^^^^^^^^^^^^^^^^^^^^^^^^^^^^^^^^^^^^^^^^^^^^^^^^^^^^
  File "/home/airflow/.local/lib/python3.12/site-packages/airflow/models/taskinstance.py", line 734, in _execute_callable
    return ExecutionCallableRunner(
           ^^^^^^^^^^^^^^^^^^^^^^^^
  File "/home/airflow/.local/lib/python3.12/site-packages/airflow/utils/operator_helpers.py", line 252, in run
    return self.func(*args, **kwargs)
           ^^^^^^^^^^^^^^^^^^^^^^^^^^
  File "/home/airflow/.local/lib/python3.12/site-packages/airflow/models/baseoperator.py", line 424, in wrapper
    return func(self, *args, **kwargs)
           ^^^^^^^^^^^^^^^^^^^^^^^^^^^
  File "/home/airflow/.local/lib/python3.12/site-packages/airflow/operators/python.py", line 238, in execute
    return_value = self.execute_callable()
                   ^^^^^^^^^^^^^^^^^^^^^^^
  File "/home/airflow/.local/lib/python3.12/site-packages/airflow/operators/python.py", line 256, in execute_callable
    return runner.run(*self.op_args, **self.op_kwargs)
           ^^^^^^^^^^^^^^^^^^^^^^^^^^^^^^^^^^^^^^^^^^^
  File "/home/airflow/.local/lib/python3.12/site-packages/airflow/utils/operator_helpers.py", line 252, in run
    return self.func(*args, **kwargs)
           ^^^^^^^^^^^^^^^^^^^^^^^^^^
  File "/opt/airflow/dags/detect_and_extract_dag.py", line 19, in detect_new_files
    all_files = set(os.listdir(WATCHED_DIR))
                    ^^^^^^^^^^^^^^^^^^^^^^^
FileNotFoundError: [Errno 2] No such file or directory: 'C:\\Users\\dell\\Airflow_Docker\\Airflow\\data'
[2025-04-21T08:20:35.239+0000] {local_task_job_runner.py:266} INFO - Task exited with return code 1
[2025-04-21T08:20:35.264+0000] {taskinstance.py:3901} INFO - 0 downstream tasks scheduled from follow-on schedule check
[2025-04-21T08:20:35.266+0000] {local_task_job_runner.py:245} INFO - ::endgroup::
